[LOG] System::create                           : Header version = 2.01.07. Current version = 2.01.07.
[LOG] Manager::init                            : maxchannels = 256 studioflags = 00000006 flags 00000000 extradriverdata 0000000000000000.
[LOG] SystemI::init                            : Initialize version=20107 (113487), maxchannels=256, flags=0x00020000
[LOG] SystemI::setOutputInternal               : Setting output to 'FMOD WASAPI Output'
[LOG] OutputWASAPI::init                       : Mix Format (WAVEFORMATEX): wFormatTag=0xFFFE, nChannels=2, nSamplesPerSec=48000, nAvgBytesPerSec=384000, nBlockAlign=8, wBitsPerSample=32, cbSize=22.
[LOG] OutputWASAPI::init                       : Mix Format (WAVEFORMATEXTENSIBLE): wValidBitsPerSample=32, dwChannelMask=0x00000003, SubFormat=00000003-0000-0010-8000-00AA00389B71.
[LOG] OutputWASAPI::init                       : Output buffer size: 4096 samples, latency: 0.00ms, period: 10.00ms, DSP buffer: 1024 * 4
[LOG] Thread::initThread                       : Init FMOD stream thread. Affinity: 0x8000000000000003, Priority: 0xFFFF7FFB, Stack Size: 98304, Semaphore: No, Sleep Time: 10, Looping: Yes.
[LOG] Thread::initThread                       : Init FMOD mixer thread. Affinity: 0x8000000000000001, Priority: 0xFFFF7FFA, Stack Size: 81920, Semaphore: No, Sleep Time: 0, Looping: Yes.
[LOG] AsyncManager::init                       : manager 000001D69FE2B698 isAsync 0 updatePeriod 0.02
[LOG] AsyncManager::init                       : done
[LOG] PlaybackSystem::init                     : 
[LOG] Thread::initThread                       : Init FMOD Studio sample load thread. Affinity: 0x8000000000000003, Priority: 0xFFFF7FFD, Stack Size: 98304, Semaphore: No, Sleep Time: 1, Looping: No.
[LOG] PlaybackSystem::init                     : done
[LOG] Thread::initThread                       : Init FMOD Studio bank load thread. Affinity: 0x8000000000000003, Priority: 0xFFFF7FFD, Stack Size: 98304, Semaphore: No, Sleep Time: 1, Looping: No.
[LOG] Manager::init                            : done.
[LOG] Manager::readBank                        : fileversion = 135, compatVersion = 132 (oldest = 44, newest = 135)
[LOG] SystemI::createSoundInternal             : Create name='', mode=0x02000202
[LOG] SystemI::createSoundInternal             : exinfo->cbsize             = 224
[LOG] SystemI::createSoundInternal             : exinfo->length             = 2937792
[LOG] SystemI::createSoundInternal             : exinfo->fileoffset         = 11072
[LOG] SystemI::createSoundInternal             : exinfo->numsubsounds       = 1
[LOG] SystemI::createSoundInternal             : exinfo->inclusionlist      = 0000004E1167F1C8
[LOG] SystemI::createSoundInternal             : exinfo->inclusionlistnum   = 1
[LOG] SystemI::createSoundInternal             : exinfo->suggestedsoundtype = 5
[LOG] SystemI::createSoundInternal             : exinfo->useropen           = 00007FFC637A7B10
[LOG] SystemI::createSoundInternal             : exinfo->userclose          = 00007FFC637A7AE0
[LOG] SystemI::createSoundInternal             : exinfo->userread           = 00007FFC637A7BE0
[LOG] SystemI::createSoundInternal             : exinfo->userseek           = 00007FFC637A7CA0
[LOG] SystemI::createSoundInternal             : exinfo->fileuserdata       = 000001D68A961148
[LOG] SystemI::createSoundInternal             : exinfo->initialseekpostype = 1
[LOG] SystemI::DSPCodecPoolRegister            : register codec pool for pool type 5
[LOG] SystemI::createSoundInternal             : Sample 0/1: name='1', format=5, channels=2, frequency=48000, lengthbytes=3040, lengthpcm=58457, pcmblocksize=0, loopstart=0, loopend=0, mode=0x00000000, channelmask=0x00000000, channelorder=0, peakvolume=0.990436.
[LOG] AsyncThread::threadFunc                  : Starting Asynchronous operation on sound 000001D6816FD7F8
[LOG] AsyncThread::threadFunc                  : Finished Asynchronous operation on sound 000001D6816FD7F8
[LOG] Manager::readBank                        : fileversion = 135, compatVersion = 132 (oldest = 44, newest = 135)
[LOG] SystemI::createSoundInternal             : Create name='', mode=0x02000202
[LOG] SystemI::createSoundInternal             : exinfo->cbsize             = 224
[LOG] SystemI::createSoundInternal             : exinfo->length             = 2937792
[LOG] SystemI::createSoundInternal             : exinfo->fileoffset         = 11072
[LOG] SystemI::createSoundInternal             : exinfo->numsubsounds       = 1
[LOG] SystemI::createSoundInternal             : exinfo->inclusionlist      = 0000004E1167F1C8
[LOG] SystemI::createSoundInternal             : exinfo->inclusionlistnum   = 1
[LOG] SystemI::createSoundInternal             : exinfo->suggestedsoundtype = 5
[LOG] SystemI::createSoundInternal             : exinfo->useropen           = 00007FFC637A7B10
[LOG] SystemI::createSoundInternal             : exinfo->userclose          = 00007FFC637A7AE0
[LOG] SystemI::createSoundInternal             : exinfo->userread           = 00007FFC637A7BE0
[LOG] SystemI::createSoundInternal             : exinfo->userseek           = 00007FFC637A7CA0
[LOG] SystemI::createSoundInternal             : exinfo->fileuserdata       = 000001D68A960F38
[LOG] SystemI::createSoundInternal             : exinfo->initialseekpostype = 1
[LOG] SystemI::DSPCodecPoolRegister            : register codec pool for pool type 5
[LOG] SystemI::createSoundInternal             : Sample 0/1: name='2I', format=5, channels=1, frequency=48000, lengthbytes=1440, lengthpcm=6269, pcmblocksize=0, loopstart=0, loopend=0, mode=0x00000000, channelmask=0x00000000, channelorder=0, peakvolume=0.976959.
[LOG] SystemI::createSound                     : filename = GameAudio/Assets/Desktop/Master.bank : mode 02010082
[LOG] SystemI::createSound                     : FMOD_NONBLOCKING specified.  Putting into queue to be opened asynchronously!
[LOG] SystemI::createSound                     : setdata soundi = 000001D69F92E3D8 : node = 000001D618566440
[LOG] SystemI::createSound                     : add node to async list : head = 000001D6197AF388.  list count = 0
[LOG] AsyncThread::threadFunc                  : Starting Asynchronous operation on sound 000001D69F92E3D8
[LOG] SystemI::createSoundInternal             :     Create name='GameAudio/Assets/Desktop/Master.bank', mode=0x02010082
[LOG] SystemI::createSoundInternal             :     exinfo->cbsize             = 224
[LOG] SystemI::createSoundInternal             :     exinfo->length             = 2937792
[LOG] SystemI::createSoundInternal             :     exinfo->fileoffset         = 11072
[LOG] SystemI::createSoundInternal             :     exinfo->numsubsounds       = 1
[LOG] SystemI::createSoundInternal             :     exinfo->inclusionlist      = 000001D618566550
[LOG] SystemI::createSoundInternal             :     exinfo->inclusionlistnum   = 1
[LOG] SystemI::createSoundInternal             :     exinfo->suggestedsoundtype = 5
[LOG] SystemI::createSoundInternal             :     exinfo->initialseekpostype = 1
[LOG] SystemI::createSoundInternal             :     Stream 0/1: name='2', format=5, channels=2, frequency=48000, lengthbytes=1730112, lengthpcm=5960448, pcmblocksize=0, loopstart=0, loopend=0, mode=0x00000000, channelmask=0x00000000, channelorder=0, peakvolume=0.710693.
[LOG] AsyncThread::threadFunc                  : Finished Asynchronous operation on sound 000001D69F92E3D8
[LOG] SoundI::release                          : 1 (000001D6816FD2E8)
[LOG] SoundI::release                          :     1 (000001D6128CDC68)
[LOG] SoundI::release                          :     1 (000001D6816FD7F8)
[LOG] SystemI::createSoundInternal             : Create name='', mode=0x02000202
[LOG] SystemI::createSoundInternal             : exinfo->cbsize             = 224
[LOG] SystemI::createSoundInternal             : exinfo->length             = 2937792
[LOG] SystemI::createSoundInternal             : exinfo->fileoffset         = 11072
[LOG] SystemI::createSoundInternal             : exinfo->numsubsounds       = 1
[LOG] SystemI::createSoundInternal             : exinfo->inclusionlist      = 0000004E1167F1C8
[LOG] SystemI::createSoundInternal             : exinfo->inclusionlistnum   = 1
[LOG] SystemI::createSoundInternal             : exinfo->suggestedsoundtype = 5
[LOG] SystemI::createSoundInternal             : exinfo->useropen           = 00007FFC637A7B10
[LOG] SystemI::createSoundInternal             : exinfo->userclose          = 00007FFC637A7AE0
[LOG] SystemI::createSoundInternal             : exinfo->userread           = 00007FFC637A7BE0
[LOG] SystemI::createSoundInternal             : exinfo->userseek           = 00007FFC637A7CA0
[LOG] SystemI::createSoundInternal             : exinfo->fileuserdata       = 000001D68B6DFB78
[LOG] SystemI::createSoundInternal             : exinfo->initialseekpostype = 1
[LOG] SystemI::DSPCodecPoolRegister            : register codec pool for pool type 5
[LOG] SystemI::createSoundInternal             : Sample 0/1: name='Footstep5', format=5, channels=2, frequency=48000, lengthbytes=1504, lengthpcm=53318, pcmblocksize=0, loopstart=0, loopend=0, mode=0x00000000, channelmask=0x00000000, channelorder=0, peakvolume=0.584557.
[LOG] SystemI::createSoundInternal             : Create name='', mode=0x02000202
[LOG] SystemI::createSoundInternal             : exinfo->cbsize             = 224
[LOG] SystemI::createSoundInternal             : exinfo->length             = 2937792
[LOG] SystemI::createSoundInternal             : exinfo->fileoffset         = 11072
[LOG] SystemI::createSoundInternal             : exinfo->numsubsounds       = 1
[LOG] SystemI::createSoundInternal             : exinfo->inclusionlist      = 0000004E1167F1C8
[LOG] SystemI::createSoundInternal             : exinfo->inclusionlistnum   = 1
[LOG] SystemI::createSoundInternal             : exinfo->suggestedsoundtype = 5
[LOG] SystemI::createSoundInternal             : exinfo->useropen           = 00007FFC637A7B10
[LOG] SystemI::createSoundInternal             : exinfo->userclose          = 00007FFC637A7AE0
[LOG] SystemI::createSoundInternal             : exinfo->userread           = 00007FFC637A7BE0
[LOG] SystemI::createSoundInternal             : exinfo->userseek           = 00007FFC637A7CA0
[LOG] SystemI::createSoundInternal             : exinfo->fileuserdata       = 000001D68B6DFB78
[LOG] SystemI::createSoundInternal             : exinfo->initialseekpostype = 1
[LOG] SystemI::DSPCodecPoolRegister            : register codec pool for pool type 5
[LOG] SystemI::createSoundInternal             : Sample 0/1: name='Footstep8', format=5, channels=2, frequency=48000, lengthbytes=1152, lengthpcm=51712, pcmblocksize=0, loopstart=0, loopend=0, mode=0x00000000, channelmask=0x00000000, channelorder=0, peakvolume=0.232206.
[LOG] SystemI::createSoundInternal             : Create name='', mode=0x02000202
[LOG] SystemI::createSoundInternal             : exinfo->cbsize             = 224
[LOG] SystemI::createSoundInternal             : exinfo->length             = 2937792
[LOG] SystemI::createSoundInternal             : exinfo->fileoffset         = 11072
[LOG] SystemI::createSoundInternal             : exinfo->numsubsounds       = 1
[LOG] SystemI::createSoundInternal             : exinfo->inclusionlist      = 0000004E1167F1C8
[LOG] SystemI::createSoundInternal             : exinfo->inclusionlistnum   = 1
[LOG] SystemI::createSoundInternal             : exinfo->suggestedsoundtype = 5
[LOG] SystemI::createSoundInternal             : exinfo->useropen           = 00007FFC637A7B10
[LOG] SystemI::createSoundInternal             : exinfo->userclose          = 00007FFC637A7AE0
[LOG] SystemI::createSoundInternal             : exinfo->userread           = 00007FFC637A7BE0
[LOG] SystemI::createSoundInternal             : exinfo->userseek           = 00007FFC637A7CA0
[LOG] SystemI::createSoundInternal             : exinfo->fileuserdata       = 000001D68B6DFB78
[LOG] SystemI::createSoundInternal             : exinfo->initialseekpostype = 1
[LOG] SystemI::DSPCodecPoolRegister            : register codec pool for pool type 5
[LOG] SystemI::createSoundInternal             : Sample 0/1: name='Footstep4', format=5, channels=2, frequency=48000, lengthbytes=1088, lengthpcm=51712, pcmblocksize=0, loopstart=0, loopend=0, mode=0x00000000, channelmask=0x00000000, channelorder=0, peakvolume=0.236769.
[LOG] SystemI::createSoundInternal             : Create name='', mode=0x02000202
[LOG] SystemI::createSoundInternal             : exinfo->cbsize             = 224
[LOG] SystemI::createSoundInternal             : exinfo->length             = 2937792
[LOG] SystemI::createSoundInternal             : exinfo->fileoffset         = 11072
[LOG] SystemI::createSoundInternal             : exinfo->numsubsounds       = 1
[LOG] SystemI::createSoundInternal             : exinfo->inclusionlist      = 0000004E1167F1C8
[LOG] SystemI::createSoundInternal             : exinfo->inclusionlistnum   = 1
[LOG] SystemI::createSoundInternal             : exinfo->suggestedsoundtype = 5
[LOG] SystemI::createSoundInternal             : exinfo->useropen           = 00007FFC637A7B10
[LOG] SystemI::createSoundInternal             : exinfo->userclose          = 00007FFC637A7AE0
[LOG] SystemI::createSoundInternal             : exinfo->userread           = 00007FFC637A7BE0
[LOG] SystemI::createSoundInternal             : exinfo->userseek           = 00007FFC637A7CA0
[LOG] SystemI::createSoundInternal             : exinfo->fileuserdata       = 000001D68B6DFB78
[LOG] SystemI::createSoundInternal             : exinfo->initialseekpostype = 1
[LOG] SystemI::DSPCodecPoolRegister            : register codec pool for pool type 5
[LOG] SystemI::createSoundInternal             : Sample 0/1: name='Footstep3', format=5, channels=2, frequency=48000, lengthbytes=1472, lengthpcm=53318, pcmblocksize=0, loopstart=0, loopend=0, mode=0x00000000, channelmask=0x00000000, channelorder=0, peakvolume=0.613664.
[LOG] SystemI::createSoundInternal             : Create name='', mode=0x02000202
[LOG] SystemI::createSoundInternal             : exinfo->cbsize             = 224
[LOG] SystemI::createSoundInternal             : exinfo->length             = 2937792
[LOG] SystemI::createSoundInternal             : exinfo->fileoffset         = 11072
[LOG] SystemI::createSoundInternal             : exinfo->numsubsounds       = 1
[LOG] SystemI::createSoundInternal             : exinfo->inclusionlist      = 0000004E1167F1C8
[LOG] SystemI::createSoundInternal             : exinfo->inclusionlistnum   = 1
[LOG] SystemI::createSoundInternal             : exinfo->suggestedsoundtype = 5
[LOG] SystemI::createSoundInternal             : exinfo->useropen           = 00007FFC637A7B10
[LOG] SystemI::createSoundInternal             : exinfo->userclose          = 00007FFC637A7AE0
[LOG] SystemI::createSoundInternal             : exinfo->userread           = 00007FFC637A7BE0
[LOG] SystemI::createSoundInternal             : exinfo->userseek           = 00007FFC637A7CA0
[LOG] SystemI::createSoundInternal             : exinfo->fileuserdata       = 000001D68B6DFB78
[LOG] SystemI::createSoundInternal             : exinfo->initialseekpostype = 1
[LOG] SystemI::DSPCodecPoolRegister            : register codec pool for pool type 5
[LOG] SystemI::createSoundInternal             : Sample 0/1: name='Footstep1', format=5, channels=2, frequency=48000, lengthbytes=1472, lengthpcm=53318, pcmblocksize=0, loopstart=0, loopend=0, mode=0x00000000, channelmask=0x00000000, channelorder=0, peakvolume=0.571932.
[LOG] SystemI::createSoundInternal             : Create name='', mode=0x02000202
[LOG] SystemI::createSoundInternal             : exinfo->cbsize             = 224
[LOG] SystemI::createSoundInternal             : exinfo->length             = 2937792
[LOG] SystemI::createSoundInternal             : exinfo->fileoffset         = 11072
[LOG] SystemI::createSoundInternal             : exinfo->numsubsounds       = 1
[LOG] SystemI::createSoundInternal             : exinfo->inclusionlist      = 0000004E1167F1C8
[LOG] SystemI::createSoundInternal             : exinfo->inclusionlistnum   = 1
[LOG] SystemI::createSoundInternal             : exinfo->suggestedsoundtype = 5
[LOG] SystemI::createSoundInternal             : exinfo->useropen           = 00007FFC637A7B10
[LOG] SystemI::createSoundInternal             : exinfo->userclose          = 00007FFC637A7AE0
[LOG] SystemI::createSoundInternal             : exinfo->userread           = 00007FFC637A7BE0
[LOG] SystemI::createSoundInternal             : exinfo->userseek           = 00007FFC637A7CA0
[LOG] SystemI::createSoundInternal             : exinfo->fileuserdata       = 000001D68B6DFB78
[LOG] SystemI::createSoundInternal             : exinfo->initialseekpostype = 1
[LOG] SystemI::DSPCodecPoolRegister            : register codec pool for pool type 5
[LOG] SystemI::createSoundInternal             : Sample 0/1: name='Footstep7', format=5, channels=2, frequency=48000, lengthbytes=1504, lengthpcm=53318, pcmblocksize=0, loopstart=0, loopend=0, mode=0x00000000, channelmask=0x00000000, channelorder=0, peakvolume=0.560477.
[LOG] SystemI::createSoundInternal             : Create name='', mode=0x02000202
[LOG] SystemI::createSoundInternal             : exinfo->cbsize             = 224
[LOG] SystemI::createSoundInternal             : exinfo->length             = 2937792
[LOG] SystemI::createSoundInternal             : exinfo->fileoffset         = 11072
[LOG] SystemI::createSoundInternal             : exinfo->numsubsounds       = 1
[LOG] SystemI::createSoundInternal             : exinfo->inclusionlist      = 0000004E1167F1C8
[LOG] SystemI::createSoundInternal             : exinfo->inclusionlistnum   = 1
[LOG] SystemI::createSoundInternal             : exinfo->suggestedsoundtype = 5
[LOG] SystemI::createSoundInternal             : exinfo->useropen           = 00007FFC637A7B10
[LOG] SystemI::createSoundInternal             : exinfo->userclose          = 00007FFC637A7AE0
[LOG] SystemI::createSoundInternal             : exinfo->userread           = 00007FFC637A7BE0
[LOG] SystemI::createSoundInternal             : exinfo->userseek           = 00007FFC637A7CA0
[LOG] SystemI::createSoundInternal             : exinfo->fileuserdata       = 000001D68B6DFB78
[LOG] SystemI::createSoundInternal             : exinfo->initialseekpostype = 1
[LOG] SystemI::DSPCodecPoolRegister            : register codec pool for pool type 5
[LOG] SystemI::createSoundInternal             : Sample 0/1: name='Footstep6', format=5, channels=2, frequency=48000, lengthbytes=1056, lengthpcm=51712, pcmblocksize=0, loopstart=0, loopend=0, mode=0x00000000, channelmask=0x00000000, channelorder=0, peakvolume=0.229154.
[LOG] SystemI::createSoundInternal             : Create name='', mode=0x02000202
[LOG] SystemI::createSoundInternal             : exinfo->cbsize             = 224
[LOG] SystemI::createSoundInternal             : exinfo->length             = 2937792
[LOG] SystemI::createSoundInternal             : exinfo->fileoffset         = 11072
[LOG] SystemI::createSoundInternal             : exinfo->numsubsounds       = 1
[LOG] SystemI::createSoundInternal             : exinfo->inclusionlist      = 0000004E1167F1C8
[LOG] SystemI::createSoundInternal             : exinfo->inclusionlistnum   = 1
[LOG] SystemI::createSoundInternal             : exinfo->suggestedsoundtype = 5
[LOG] SystemI::createSoundInternal             : exinfo->useropen           = 00007FFC637A7B10
[LOG] SystemI::createSoundInternal             : exinfo->userclose          = 00007FFC637A7AE0
[LOG] SystemI::createSoundInternal             : exinfo->userread           = 00007FFC637A7BE0
[LOG] SystemI::createSoundInternal             : exinfo->userseek           = 00007FFC637A7CA0
[LOG] SystemI::createSoundInternal             : exinfo->fileuserdata       = 000001D68B6DFB78
[LOG] SystemI::createSoundInternal             : exinfo->initialseekpostype = 1
[LOG] SystemI::DSPCodecPoolRegister            : register codec pool for pool type 5
[LOG] SystemI::createSoundInternal             : Sample 0/1: name='Footstep2', format=5, channels=2, frequency=48000, lengthbytes=1152, lengthpcm=51712, pcmblocksize=0, loopstart=0, loopend=0, mode=0x00000000, channelmask=0x00000000, channelorder=0, peakvolume=0.225211.
[LOG] Manager::readBank                        : fileversion = 135, compatVersion = 132 (oldest = 44, newest = 135)
[LOG] SystemI::createSound                     : filename = GameAudio/Assets/Desktop/Master.bank : mode 02010082
[LOG] SystemI::createSound                     : FMOD_NONBLOCKING specified.  Putting into queue to be opened asynchronously!
[LOG] SystemI::createSound                     : setdata soundi = 000001D6816FEA88 : node = 000001D618566580
[LOG] SystemI::createSound                     : add node to async list : head = 000001D6197AF388.  list count = 0
[LOG] AsyncThread::threadFunc                  : Starting Asynchronous operation on sound 000001D6816FEA88
[LOG] SystemI::createSoundInternal             :     Create name='GameAudio/Assets/Desktop/Master.bank', mode=0x02010082
[LOG] SystemI::createSoundInternal             :     exinfo->cbsize             = 224
[LOG] SystemI::createSoundInternal             :     exinfo->length             = 2937792
[LOG] SystemI::createSoundInternal             :     exinfo->fileoffset         = 11072
[LOG] SystemI::createSoundInternal             :     exinfo->numsubsounds       = 1
[LOG] SystemI::createSoundInternal             :     exinfo->inclusionlist      = 000001D618566690
[LOG] SystemI::createSoundInternal             :     exinfo->inclusionlistnum   = 1
[LOG] SystemI::createSoundInternal             :     exinfo->suggestedsoundtype = 5
[LOG] SystemI::createSoundInternal             :     exinfo->initialseekpostype = 1
[LOG] SystemI::createSoundInternal             :     Stream 0/1: name='1', format=5, channels=2, frequency=48000, lengthbytes=1177664, lengthpcm=4665678, pcmblocksize=0, loopstart=0, loopend=0, mode=0x00000000, channelmask=0x00000000, channelorder=0, peakvolume=0.926819.
[LOG] AsyncThread::threadFunc                  : Finished Asynchronous operation on sound 000001D6816FEA88
[LOG] SoundI::release                          : 2 (000001D69F92E3D8)
[LOG] SoundI::release                          :     2 (000001D67FA3BC08)
[LOG] SoundI::release                          :     2 (000001D69F92B7F8)
[LOG] Manager::readBank                        : fileversion = 135, compatVersion = 132 (oldest = 44, newest = 135)
[LOG] AsyncThread::threadFunc                  : Starting Asynchronous operation on sound 000001D6816FE068
[LOG] AsyncThread::threadFunc                  : Finished Asynchronous operation on sound 000001D6816FE068
[LOG] Manager::readBank                        : fileversion = 135, compatVersion = 132 (oldest = 44, newest = 135)
[LOG] SystemI::createSound                     : filename = GameAudio/Assets/Desktop/Master.bank : mode 02010082
[LOG] SystemI::createSound                     : FMOD_NONBLOCKING specified.  Putting into queue to be opened asynchronously!
[LOG] SystemI::createSound                     : setdata soundi = 000001D69F93A798 : node = 000001D6185684C0
[LOG] SystemI::createSound                     : add node to async list : head = 000001D6197AF388.  list count = 0
[LOG] AsyncThread::threadFunc                  : Starting Asynchronous operation on sound 000001D69F93A798
[LOG] SystemI::createSoundInternal             :     Create name='GameAudio/Assets/Desktop/Master.bank', mode=0x02010082
[LOG] SystemI::createSoundInternal             :     exinfo->cbsize             = 224
[LOG] SystemI::createSoundInternal             :     exinfo->length             = 2937792
[LOG] SystemI::createSoundInternal             :     exinfo->fileoffset         = 11072
[LOG] SystemI::createSoundInternal             :     exinfo->numsubsounds       = 1
[LOG] SystemI::createSoundInternal             :     exinfo->inclusionlist      = 000001D6185685D0
[LOG] SystemI::createSoundInternal             :     exinfo->inclusionlistnum   = 1
[LOG] SystemI::createSoundInternal             :     exinfo->suggestedsoundtype = 5
[LOG] SystemI::createSoundInternal             :     exinfo->initialseekpostype = 1
[LOG] SystemI::createSoundInternal             :     Stream 0/1: name='2', format=5, channels=2, frequency=48000, lengthbytes=1730112, lengthpcm=5960448, pcmblocksize=0, loopstart=0, loopend=0, mode=0x00000000, channelmask=0x00000000, channelorder=0, peakvolume=0.710693.
[LOG] AsyncThread::threadFunc                  : Finished Asynchronous operation on sound 000001D69F93A798
[LOG] SoundI::release                          : 1 (000001D6816FEA88)
[LOG] SoundI::release                          :     1 (000001D684A962B8)
[LOG] SoundI::release                          :     1 (000001D6816FE068)
[LOG] Manager::readBank                        : fileversion = 135, compatVersion = 132 (oldest = 44, newest = 135)
[LOG] Manager::readBank                        : fileversion = 135, compatVersion = 132 (oldest = 44, newest = 135)
[LOG] SystemI::createSound                     : filename = GameAudio/Assets/Desktop/Master.bank : mode 02010082
[LOG] SystemI::createSound                     : FMOD_NONBLOCKING specified.  Putting into queue to be opened asynchronously!
[LOG] SystemI::createSound                     : setdata soundi = 000001D6816FEC38 : node = 000001D5C84193C0
[LOG] SystemI::createSound                     : add node to async list : head = 000001D6197AF388.  list count = 0
[LOG] AsyncThread::threadFunc                  : Starting Asynchronous operation on sound 000001D6816FEC38
[LOG] SystemI::createSoundInternal             :     Create name='GameAudio/Assets/Desktop/Master.bank', mode=0x02010082
[LOG] SystemI::createSoundInternal             :     exinfo->cbsize             = 224
[LOG] SystemI::createSoundInternal             :     exinfo->length             = 2937792
[LOG] SystemI::createSoundInternal             :     exinfo->fileoffset         = 11072
[LOG] SystemI::createSoundInternal             :     exinfo->numsubsounds       = 1
[LOG] SystemI::createSoundInternal             :     exinfo->inclusionlist      = 000001D5C84194D0
[LOG] SystemI::createSoundInternal             :     exinfo->inclusionlistnum   = 1
[LOG] SystemI::createSoundInternal             :     exinfo->suggestedsoundtype = 5
[LOG] SystemI::createSoundInternal             :     exinfo->initialseekpostype = 1
[LOG] SystemI::createSoundInternal             :     Stream 0/1: name='1', format=5, channels=2, frequency=48000, lengthbytes=1177664, lengthpcm=4665678, pcmblocksize=0, loopstart=0, loopend=0, mode=0x00000000, channelmask=0x00000000, channelorder=0, peakvolume=0.926819.
[LOG] AsyncThread::threadFunc                  : Finished Asynchronous operation on sound 000001D6816FEC38
[LOG] SoundI::release                          : 2 (000001D69F93A798)
[LOG] SoundI::release                          :     2 (000001D67FA3BC08)
[LOG] SoundI::release                          :     2 (000001D69F93AE58)
[LOG] AsyncThread::threadFunc                  : Starting Asynchronous operation on sound 000001D6816FF148
[LOG] AsyncThread::threadFunc                  : Finished Asynchronous operation on sound 000001D6816FF148
[LOG] Manager::readBank                        : fileversion = 135, compatVersion = 132 (oldest = 44, newest = 135)
[LOG] Manager::readBank                        : fileversion = 135, compatVersion = 132 (oldest = 44, newest = 135)
[LOG] SystemI::createSound                     : filename = GameAudio/Assets/Desktop/Master.bank : mode 02010082
[LOG] SystemI::createSound                     : FMOD_NONBLOCKING specified.  Putting into queue to be opened asynchronously!
[LOG] SystemI::createSound                     : setdata soundi = 000001D69F933178 : node = 000001D5C6FA43F0
[LOG] SystemI::createSound                     : add node to async list : head = 000001D6197AF388.  list count = 0
[LOG] AsyncThread::threadFunc                  : Starting Asynchronous operation on sound 000001D69F933178
[LOG] SystemI::createSoundInternal             :     Create name='GameAudio/Assets/Desktop/Master.bank', mode=0x02010082
[LOG] SystemI::createSoundInternal             :     exinfo->cbsize             = 224
[LOG] SystemI::createSoundInternal             :     exinfo->length             = 2937792
[LOG] SystemI::createSoundInternal             :     exinfo->fileoffset         = 11072
[LOG] SystemI::createSoundInternal             :     exinfo->numsubsounds       = 1
[LOG] SystemI::createSoundInternal             :     exinfo->inclusionlist      = 000001D5C6FA4500
[LOG] SystemI::createSoundInternal             :     exinfo->inclusionlistnum   = 1
[LOG] SystemI::createSoundInternal             :     exinfo->suggestedsoundtype = 5
[LOG] SystemI::createSoundInternal             :     exinfo->initialseekpostype = 1
[LOG] SystemI::createSoundInternal             :     Stream 0/1: name='2', format=5, channels=2, frequency=48000, lengthbytes=1730112, lengthpcm=5960448, pcmblocksize=0, loopstart=0, loopend=0, mode=0x00000000, channelmask=0x00000000, channelorder=0, peakvolume=0.710693.
[LOG] AsyncThread::threadFunc                  : Finished Asynchronous operation on sound 000001D69F933178
[LOG] AsyncThread::threadFunc                  : Starting Asynchronous operation on sound 000001D6816FF148
[LOG] AsyncThread::threadFunc                  : Finished Asynchronous operation on sound 000001D6816FF148
[LOG] SoundI::release                          : 1 (000001D6816FEC38)
[LOG] SoundI::release                          :     1 (000001D6848A6FA8)
[LOG] SoundI::release                          :     1 (000001D6816FF148)
[LOG] Manager::readBank                        : fileversion = 135, compatVersion = 132 (oldest = 44, newest = 135)
[LOG] SoundI::release                          : 2 (000001D69F933178)
[LOG] SoundI::release                          :     2 (000001D6128CDFA8)
[LOG] SoundI::release                          :     2 (000001D69F938278)
[LOG] SoundI::release                          :  (000001D6817E77E8)
[LOG] SoundI::release                          :     2I (000001D686D80618)
[LOG] SoundI::release                          :  (000001D6817E7228)
[LOG] SoundI::release                          :     1 (000001D686D807B8)
[LOG] SoundI::release                          :  (000001D685074CD8)
[LOG] SoundI::release                          :     Footstep2 (000001D684A95F78)
[LOG] SoundI::release                          :  (000001D685075128)
[LOG] SoundI::release                          :     Footstep3 (000001D684A96458)
[LOG] SoundI::release                          :  (000001D687FB6078)
[LOG] SoundI::release                          :     Footstep4 (000001D684A96118)
[LOG] SoundI::release                          :  (000001D684C0A7E8)
[LOG] SoundI::release                          :     Footstep5 (000001D684A95DD8)
[LOG] SoundI::release                          :  (000001D6850759C8)
[LOG] SoundI::release                          :     Footstep6 (000001D684A95C38)
[LOG] SoundI::release                          :  (000001D6850756E8)
[LOG] SoundI::release                          :     Footstep7 (000001D684A96938)
[LOG] SoundI::release                          :  (000001D687FB5F08)
[LOG] SoundI::release                          :     Footstep8 (000001D684A96798)
[LOG] SoundI::release                          :  (000001D685074E48)
[LOG] SoundI::release                          :     Footstep1 (000001D684A965F8)
[LOG] Thread::callback                         : FMOD Studio update thread finished.
[LOG] Thread::callback                         : FMOD Studio bank load thread finished.
[LOG] Profile::disconnectAll                   : Profiler disconnecting all clients
[LOG] Thread::callback                         : FMOD Studio sample load thread finished.
[LOG] LiveUpdate::release                      : 
[LOG] LiveUpdate::reset                        : Reset connection (reason Disconnected)
[LOG] Thread::callback                         : FMOD stream thread finished.
[LOG] Thread::callback                         : FMOD mixer thread finished.
[LOG] Profile::disconnectAll                   : Profiler disconnecting all clients
[LOG] SystemI::close                           : Closed.
[LOG] Manager::readBank                        : fileversion = 135, compatVersion = 132 (oldest = 44, newest = 135)
[LOG] Manager::readBank                        : fileversion = 135, compatVersion = 132 (oldest = 44, newest = 135)
[LOG] Manager::readBank                        : fileversion = 135, compatVersion = 132 (oldest = 44, newest = 135)
[LOG] Manager::readBank                        : fileversion = 135, compatVersion = 132 (oldest = 44, newest = 135)
[LOG] Manager::readBank                        : fileversion = 135, compatVersion = 132 (oldest = 44, newest = 135)
[LOG] Manager::readBank                        : fileversion = 135, compatVersion = 132 (oldest = 44, newest = 135)
[LOG] PlaybackSystem::acquireMasterBus         : Setting master channel group format to 6
[LOG] Thread::callback                         : FMOD Studio bank load thread finished.
[LOG] Thread::callback                         : FMOD Studio sample load thread finished.
[LOG] LiveUpdate::release                      : 
[LOG] LiveUpdate::reset                        : Reset connection (reason Disconnected)
[LOG] Thread::callback                         : FMOD stream thread finished.
[LOG] Thread::callback                         : FMOD mixer thread finished.
[LOG] SystemI::close                           : Closed.
[LOG] Thread::callback                         : FMOD nonblocking thread (0) finished.
[LOG] Thread::callback                         : FMOD file thread finished.
